<?xml version="1.0" encoding="UTF-8"?>
<testng-results skipped="0" failed="1" ignored="12" total="13" passed="0">
  <reporter-output>
  </reporter-output>
  <suite name="Default suite" duration-ms="17326" started-at="2021-10-21T06:10:55 IST" finished-at="2021-10-21T06:11:12 IST">
    <groups>
    </groups>
    <test name="Default test" duration-ms="17326" started-at="2021-10-21T06:10:55 IST" finished-at="2021-10-21T06:11:12 IST">
      <class name="ojt_August_selenium.LoginPageTestCases">
        <test-method status="PASS" signature="setup()[pri:0, instance:ojt_August_selenium.LoginPageTestCases@57cd70]" name="setup" is-config="true" duration-ms="16177" started-at="2021-10-21T06:10:55 IST" finished-at="2021-10-21T06:11:11 IST">
          <reporter-output>
          </reporter-output>
        </test-method> <!-- setup -->
        <test-method status="FAIL" signature="courseName_test14()[pri:0, instance:ojt_August_selenium.LoginPageTestCases@57cd70]" name="courseName_test14" duration-ms="606" started-at="2021-10-21T06:11:11 IST" finished-at="2021-10-21T06:11:12 IST">
          <exception class="java.lang.AssertionError">
            <message>
              <![CDATA[Lists differ at element [1]: <h3>Java / J2EE</h3> != Java / J2EE expected [<h3>Java / J2EE</h3>] but found [Java / J2EE]]]>
            </message>
            <full-stacktrace>
              <![CDATA[java.lang.AssertionError: Lists differ at element [1]: <h3>Java / J2EE</h3> != Java / J2EE expected [<h3>Java / J2EE</h3>] but found [Java / J2EE]
at org.testng.Assert.fail(Assert.java:99)
at org.testng.Assert.failNotEquals(Assert.java:1037)
at org.testng.Assert.assertEqualsImpl(Assert.java:140)
at org.testng.Assert.assertEquals(Assert.java:1103)
at org.testng.Assert.assertEquals(Assert.java:1065)
at ojt_August_selenium.LoginPageTestCases.courseName_test14(LoginPageTestCases.java:168)
at sun.reflect.NativeMethodAccessorImpl.invoke0(Native Method)
at sun.reflect.NativeMethodAccessorImpl.invoke(NativeMethodAccessorImpl.java:62)
at sun.reflect.DelegatingMethodAccessorImpl.invoke(DelegatingMethodAccessorImpl.java:43)
at java.lang.reflect.Method.invoke(Method.java:498)
at org.testng.internal.MethodInvocationHelper.invokeMethod(MethodInvocationHelper.java:133)
at org.testng.internal.TestInvoker.invokeMethod(TestInvoker.java:598)
at org.testng.internal.TestInvoker.invokeTestMethod(TestInvoker.java:173)
at org.testng.internal.MethodRunner.runInSequence(MethodRunner.java:46)
at org.testng.internal.TestInvoker$MethodInvocationAgent.invoke(TestInvoker.java:824)
at org.testng.internal.TestInvoker.invokeTestMethods(TestInvoker.java:146)
at org.testng.internal.TestMethodWorker.invokeTestMethods(TestMethodWorker.java:146)
at org.testng.internal.TestMethodWorker.run(TestMethodWorker.java:128)
at java.util.ArrayList.forEach(ArrayList.java:1255)
at org.testng.TestRunner.privateRun(TestRunner.java:794)
at org.testng.TestRunner.run(TestRunner.java:596)
at org.testng.SuiteRunner.runTest(SuiteRunner.java:377)
at org.testng.SuiteRunner.runSequentially(SuiteRunner.java:371)
at org.testng.SuiteRunner.privateRun(SuiteRunner.java:332)
at org.testng.SuiteRunner.run(SuiteRunner.java:276)
at org.testng.SuiteRunnerWorker.runSuite(SuiteRunnerWorker.java:53)
at org.testng.SuiteRunnerWorker.run(SuiteRunnerWorker.java:96)
at org.testng.TestNG.runSuitesSequentially(TestNG.java:1212)
at org.testng.TestNG.runSuitesLocally(TestNG.java:1134)
at org.testng.TestNG.runSuites(TestNG.java:1063)
at org.testng.TestNG.run(TestNG.java:1031)
at org.testng.remote.AbstractRemoteTestNG.run(AbstractRemoteTestNG.java:115)
at org.testng.remote.RemoteTestNG.initAndRun(RemoteTestNG.java:251)
at org.testng.remote.RemoteTestNG.main(RemoteTestNG.java:77)
]]>
            </full-stacktrace>
          </exception> <!-- java.lang.AssertionError -->
          <reporter-output>
          </reporter-output>
        </test-method> <!-- courseName_test14 -->
        <test-method status="PASS" signature="teardowntest()[pri:0, instance:ojt_August_selenium.LoginPageTestCases@57cd70]" name="teardowntest" is-config="true" duration-ms="273" started-at="2021-10-21T06:11:12 IST" finished-at="2021-10-21T06:11:12 IST">
          <reporter-output>
          </reporter-output>
        </test-method> <!-- teardowntest -->
      </class> <!-- ojt_August_selenium.LoginPageTestCases -->
    </test> <!-- Default test -->
  </suite> <!-- Default suite -->
</testng-results>
