<?xml version="1.0" encoding="UTF-8"?>
<!-- Generated by org.testng.reporters.JUnitXMLReporter -->
<testsuite hostname="DESKTOP-2A9CD8J" ignored="12" name="Default test" tests="1" failures="1" timestamp="2021-10-21T06:11:13 IST" time="17.326" errors="0">
  <testcase name="courseName_test14" time="0.606" classname="ojt_August_selenium.LoginPageTestCases">
    <failure type="java.lang.AssertionError" message="Lists differ at element [1]: &amp;lt;h3&amp;gt;Java / J2EE&amp;lt;/h3&amp;gt; != Java / J2EE expected [&amp;lt;h3&amp;gt;Java / J2EE&amp;lt;/h3&amp;gt;] but found [Java / J2EE]">
      <![CDATA[java.lang.AssertionError: Lists differ at element [1]: <h3>Java / J2EE</h3> != Java / J2EE expected [<h3>Java / J2EE</h3>] but found [Java / J2EE]
at org.testng.Assert.fail(Assert.java:99)
at org.testng.Assert.failNotEquals(Assert.java:1037)
at org.testng.Assert.assertEqualsImpl(Assert.java:140)
at org.testng.Assert.assertEquals(Assert.java:1103)
at org.testng.Assert.assertEquals(Assert.java:1065)
at ojt_August_selenium.LoginPageTestCases.courseName_test14(LoginPageTestCases.java:168)
at sun.reflect.NativeMethodAccessorImpl.invoke0(Native Method)
at sun.reflect.NativeMethodAccessorImpl.invoke(NativeMethodAccessorImpl.java:62)
at sun.reflect.DelegatingMethodAccessorImpl.invoke(DelegatingMethodAccessorImpl.java:43)
at java.lang.reflect.Method.invoke(Method.java:498)
at org.testng.internal.MethodInvocationHelper.invokeMethod(MethodInvocationHelper.java:133)
at org.testng.internal.TestInvoker.invokeMethod(TestInvoker.java:598)
at org.testng.internal.TestInvoker.invokeTestMethod(TestInvoker.java:173)
at org.testng.internal.MethodRunner.runInSequence(MethodRunner.java:46)
at org.testng.internal.TestInvoker$MethodInvocationAgent.invoke(TestInvoker.java:824)
at org.testng.internal.TestInvoker.invokeTestMethods(TestInvoker.java:146)
at org.testng.internal.TestMethodWorker.invokeTestMethods(TestMethodWorker.java:146)
at org.testng.internal.TestMethodWorker.run(TestMethodWorker.java:128)
at java.util.ArrayList.forEach(ArrayList.java:1255)
at org.testng.TestRunner.privateRun(TestRunner.java:794)
at org.testng.TestRunner.run(TestRunner.java:596)
at org.testng.SuiteRunner.runTest(SuiteRunner.java:377)
at org.testng.SuiteRunner.runSequentially(SuiteRunner.java:371)
at org.testng.SuiteRunner.privateRun(SuiteRunner.java:332)
at org.testng.SuiteRunner.run(SuiteRunner.java:276)
at org.testng.SuiteRunnerWorker.runSuite(SuiteRunnerWorker.java:53)
at org.testng.SuiteRunnerWorker.run(SuiteRunnerWorker.java:96)
at org.testng.TestNG.runSuitesSequentially(TestNG.java:1212)
at org.testng.TestNG.runSuitesLocally(TestNG.java:1134)
at org.testng.TestNG.runSuites(TestNG.java:1063)
at org.testng.TestNG.run(TestNG.java:1031)
at org.testng.remote.AbstractRemoteTestNG.run(AbstractRemoteTestNG.java:115)
at org.testng.remote.RemoteTestNG.initAndRun(RemoteTestNG.java:251)
at org.testng.remote.RemoteTestNG.main(RemoteTestNG.java:77)
]]>
    </failure>
  </testcase> <!-- courseName_test14 -->
  <testcase name="gettableData_test11" time="0.0" classname="ojt_August_selenium.LoginPageTestCases">
    <ignored/>
  </testcase> <!-- gettableData_test11 -->
  <testcase name="openPython_pdf_test05" time="0.0" classname="ojt_August_selenium.LoginPageTestCases">
    <ignored/>
  </testcase> <!-- openPython_pdf_test05 -->
  <testcase name="getUserTabledata_test08" time="0.0" classname="ojt_August_selenium.LoginPageTestCases">
    <ignored/>
  </testcase> <!-- getUserTabledata_test08 -->
  <testcase name="loginJBKtest02" time="0.0" classname="ojt_August_selenium.LoginPageTestCases">
    <ignored/>
  </testcase> <!-- loginJBKtest02 -->
  <testcase name="getHeaderTitle_test07" time="0.0" classname="ojt_August_selenium.LoginPageTestCases">
    <ignored/>
  </testcase> <!-- getHeaderTitle_test07 -->
  <testcase name="openPHP_pdf_test04" time="0.0" classname="ojt_August_selenium.LoginPageTestCases">
    <ignored/>
  </testcase> <!-- openPHP_pdf_test04 -->
  <testcase name="openSelenium_pdf_test03" time="0.0" classname="ojt_August_selenium.LoginPageTestCases">
    <ignored/>
  </testcase> <!-- openSelenium_pdf_test03 -->
  <testcase name="addusertest_test13" time="0.0" classname="ojt_August_selenium.LoginPageTestCases">
    <ignored/>
  </testcase> <!-- addusertest_test13 -->
  <testcase name="openJ2EE_pdf_test06" time="0.0" classname="ojt_August_selenium.LoginPageTestCases">
    <ignored/>
  </testcase> <!-- openJ2EE_pdf_test06 -->
  <testcase name="logotest01" time="0.0" classname="ojt_August_selenium.LoginPageTestCases">
    <ignored/>
  </testcase> <!-- logotest01 -->
  <testcase name="verifyText_test10" time="0.0" classname="ojt_August_selenium.LoginPageTestCases">
    <ignored/>
  </testcase> <!-- verifyText_test10 -->
  <testcase name="getdata_test12" time="0.0" classname="ojt_August_selenium.LoginPageTestCases">
    <ignored/>
  </testcase> <!-- getdata_test12 -->
</testsuite> <!-- Default test -->
